<?xml version="1.0" encoding="UTF-8" ?>
<testsuite tests="8" failures="1" name="ExtentSparkReporterTest" time="7.202" errors="0" skipped="7">
  <properties>
[...]
</properties>
  <testcase classname="ExtentSparkReporterTest" name="customReport" time="0.881">
    <failure message="VERSION_2_3_29" type="java.lang.NoSuchFieldError">java.lang.NoSuchFieldError: VERSION_2_3_29
	at com.aventstack.extentreports.reporter.BasicFileReporter.start(BasicFileReporter.java:98)
	at com.aventstack.extentreports.ReportObservable.register(ReportObservable.java:192)
	at java.util.Spliterators$ArraySpliterator.forEachRemaining(Spliterators.java:948)
	at java.util.stream.ReferencePipeline$Head.forEach(ReferencePipeline.java:580)
	at com.aventstack.extentreports.ExtentReports.attachReporter(ExtentReports.java:82)
	at ExtentSparkReporterTest.customReport(ExtentSparkReporterTest.java:68)
</failure>
    <system-out>Configuring TestNG with: org.apache.maven.surefire.testng.conf.TestNG652Configurator@5d22bbb7
</system-out>
  </testcase>
  <testcase classname="ExtentSparkReporterTest" name="failTest" time="0.901">
    <skipped/>
  </testcase>
  <testcase classname="ExtentSparkReporterTest" name="getResult" time="0.901">
    <skipped/>
  </testcase>
  <testcase classname="ExtentSparkReporterTest" name="passTest" time="0.902">
    <skipped/>
  </testcase>
  <testcase classname="ExtentSparkReporterTest" name="getResult" time="0.903">
    <skipped/>
  </testcase>
  <testcase classname="ExtentSparkReporterTest" name="skipTest" time="0.904">
    <skipped/>
  </testcase>
  <testcase classname="ExtentSparkReporterTest" name="getResult" time="0.904">
    <skipped/>
  </testcase>
  <testcase classname="ExtentSparkReporterTest" name="endReport" time="0.906">
    <skipped/>
  </testcase>
</testsuite>