<?xml version="1.0" encoding="UTF-8" ?>
<testsuite tests="6" failures="2" name="TestSuite" time="13.111" errors="0" skipped="2">
  <properties>
[...]
</properties>
  <testcase classname="ExtendReportTest" name="failTest" time="7.169">
    <failure message="expected [NoTitle] but found [Downloads - ChromeDriver - WebDriver for Chrome]" type="java.lang.AssertionError">java.lang.AssertionError: expected [NoTitle] but found [Downloads - ChromeDriver - WebDriver for Chrome]
	at org.testng.Assert.fail(Assert.java:96)
	at org.testng.Assert.failNotEquals(Assert.java:776)
	at org.testng.Assert.assertEqualsImpl(Assert.java:137)
	at org.testng.Assert.assertEquals(Assert.java:118)
	at org.testng.Assert.assertEquals(Assert.java:453)
	at org.testng.Assert.assertEquals(Assert.java:463)
	at ExtendReportTest.failTest(ExtendReportTest.java:89)
</failure>
    <system-out>Configuring TestNG with: org.apache.maven.surefire.testng.conf.TestNG652Configurator@39a054a5
Before Test
</system-out>
    <system-err>Starting ChromeDriver 81.0.4044.138 (8c6c7ba89cc9453625af54f11fd83179e23450fa-refs/branch-heads/4044@{#999}) on port 12225
Only local connections are allowed.
Please protect ports used by ChromeDriver and related test frameworks to prevent access by malicious code.
Jul 24, 2020 9:22:19 AM org.openqa.selenium.remote.ProtocolHandshake createSession
INFO: Detected dialect: W3C
[1595562741.004][SEVERE]: Timed out receiving message from renderer: 0.100
[1595562741.137][SEVERE]: Timed out receiving message from renderer: 0.100
[1595562741.271][SEVERE]: Timed out receiving message from renderer: 0.100
[1595562742.000][SEVERE]: Timed out receiving message from renderer: 0.100
[1595562742.167][SEVERE]: Timed out receiving message from renderer: 0.100
</system-err>
  </testcase>
  <testcase classname="ExtendReportTest" name="passTest" time="0.001"/>
  <testcase classname="ExtendReportTest" name="skipTest" time="0.001">
    <skipped/>
  </testcase>
  <testcase classname="ExtentSparkReporterTest" name="failTest" time="5.938">
    <failure message="expected [NoTitle] but found [Downloads - ChromeDriver - WebDriver for Chrome]" type="java.lang.AssertionError">java.lang.AssertionError: expected [NoTitle] but found [Downloads - ChromeDriver - WebDriver for Chrome]
	at org.testng.Assert.fail(Assert.java:96)
	at org.testng.Assert.failNotEquals(Assert.java:776)
	at org.testng.Assert.assertEqualsImpl(Assert.java:137)
	at org.testng.Assert.assertEquals(Assert.java:118)
	at org.testng.Assert.assertEquals(Assert.java:453)
	at org.testng.Assert.assertEquals(Assert.java:463)
	at ExtentSparkReporterTest.failTest(ExtentSparkReporterTest.java:113)
</failure>
    <system-err>Starting ChromeDriver 81.0.4044.138 (8c6c7ba89cc9453625af54f11fd83179e23450fa-refs/branch-heads/4044@{#999}) on port 27527
Only local connections are allowed.
Please protect ports used by ChromeDriver and related test frameworks to prevent access by malicious code.
Jul 24, 2020 9:22:26 AM org.openqa.selenium.remote.ProtocolHandshake createSession
INFO: Detected dialect: W3C
[1595562747.575][SEVERE]: Timed out receiving message from renderer: 0.100
[1595562747.677][SEVERE]: Timed out receiving message from renderer: 0.100
[1595562747.780][SEVERE]: Timed out receiving message from renderer: 0.100
[1595562747.888][SEVERE]: Timed out receiving message from renderer: 0.100
[1595562748.446][SEVERE]: Timed out receiving message from renderer: 0.100
[1595562748.550][SEVERE]: Timed out receiving message from renderer: 0.100
</system-err>
  </testcase>
  <testcase classname="ExtentSparkReporterTest" name="passTest" time="0.001"/>
  <testcase classname="ExtentSparkReporterTest" name="skipTest" time="0.001">
    <skipped/>
  </testcase>
</testsuite>