<?xml version="1.0" encoding="UTF-8"?>
<!-- Generated by org.testng.reporters.JUnitXMLReporter -->
<testsuite hostname="HYRD5CG7514ST5" ignored="0" tests="3" failures="0" timestamp="23 Jul 2020 15:21:43 GMT" time="0.185" errors="0">
  <testcase name="@BeforeTest customReport" time="0.141" classname="ExtentSparkReporterTest">
    <failure type="java.lang.NoSuchFieldError" message="VERSION_2_3_29">
      <![CDATA[java.lang.NoSuchFieldError: VERSION_2_3_29
at com.aventstack.extentreports.reporter.BasicFileReporter.start(BasicFileReporter.java:98)
at com.aventstack.extentreports.ReportObservable.register(ReportObservable.java:192)
at java.util.Spliterators$ArraySpliterator.forEachRemaining(Spliterators.java:948)
at java.util.stream.ReferencePipeline$Head.forEach(ReferencePipeline.java:580)
at com.aventstack.extentreports.ExtentReports.attachReporter(ExtentReports.java:82)
at ExtentSparkReporterTest.customReport(ExtentSparkReporterTest.java:68)
... Removed 33 stack frames]]>
    </failure>
  </testcase> <!-- @BeforeTest customReport -->
  <testcase name="@AfterMethod getResult" time="0.0" classname="ExtentSparkReporterTest">
    <skipped/>
  </testcase> <!-- @AfterMethod getResult -->
  <testcase name="@AfterMethod getResult" time="0.0" classname="ExtentSparkReporterTest">
    <skipped/>
  </testcase> <!-- @AfterMethod getResult -->
  <testcase name="@AfterMethod getResult" time="0.0" classname="ExtentSparkReporterTest">
    <skipped/>
  </testcase> <!-- @AfterMethod getResult -->
  <testcase name="@AfterTest endReport" time="0.0" classname="ExtentSparkReporterTest">
    <skipped/>
  </testcase> <!-- @AfterTest endReport -->
  <testcase name="failTest" time="0.0" classname="ExtentSparkReporterTest">
    <skipped/>
  </testcase> <!-- failTest -->
  <testcase name="passTest" time="0.0" classname="ExtentSparkReporterTest">
    <skipped/>
  </testcase> <!-- passTest -->
  <testcase name="skipTest" time="0.0" classname="ExtentSparkReporterTest">
    <skipped/>
  </testcase> <!-- skipTest -->
</testsuite>
